<?xml version="1.0" encoding="UTF-8"?>
<!-- Generated by org.testng.reporters.JUnitXMLReporter -->
<testsuite ignored="2" hostname="DESKTOP-65LALTP" failures="0" tests="1" name="GRP-addeitem" time="32.009" errors="0" timestamp="2023-03-18T22:31:35 EET">
  <testcase classname="project_final.home_page" name="t_3ADDITEM" time="31.981"/>
  <testcase classname="project_final.home_page" name="t_2searchbar" time="0.0">
    <ignored/>
  </testcase> <!-- t_2searchbar -->
  <testcase classname="project_final.home_page" name="t_1Signuptestvalidpassword" time="0.0">
    <ignored/>
  </testcase> <!-- t_1Signuptestvalidpassword -->
</testsuite> <!-- GRP-addeitem -->
