<?xml version="1.0" encoding="UTF-8"?>
<!-- Generated by org.testng.reporters.JUnitXMLReporter -->
<testsuite ignored="4" hostname="DESKTOP-65LALTP" failures="0" tests="1" name="GRP-placeorder" time="67.522" errors="0" timestamp="2023-03-19T00:46:18 EET">
  <testcase classname="project_final.home_page" name="t_5PLACEORDER" time="67.496"/>
  <testcase classname="project_final.home_page" name="t_4CHECKOUTPAGEnew" time="0.0">
    <ignored/>
  </testcase> <!-- t_4CHECKOUTPAGEnew -->
  <testcase classname="project_final.home_page" name="t_3ADDITEM" time="0.0">
    <ignored/>
  </testcase> <!-- t_3ADDITEM -->
  <testcase classname="project_final.home_page" name="t_2searchbar" time="0.0">
    <ignored/>
  </testcase> <!-- t_2searchbar -->
  <testcase classname="project_final.home_page" name="t_1Signuptestvalidpassword" time="0.0">
    <ignored/>
  </testcase> <!-- t_1Signuptestvalidpassword -->
</testsuite> <!-- GRP-placeorder -->
